<?xml version="1.0" encoding="UTF-8"?>
<!-- Generated by org.testng.reporters.JUnitXMLReporter -->
<testsuite ignored="0" hostname="DESKTOP-EMVP6P0" failures="0" tests="19" name="Default test" time="40.2" errors="0" timestamp="2024-04-25T15:53:44 IST">
  <testcase classname="testcase.HomeTest" name="seturl" time="17.288"/>
  <testcase classname="testcase.HomeTest" name="setuserlocation" time="1.544"/>
  <testcase classname="testcase.HomeTest" name="dealpagetxt" time="3.56"/>
  <testcase classname="testcase.HomeTest" name="sidemenubar" time="0.348"/>
  <testcase classname="testcase.HomeTest" name="comparevalue" time="2.443"/>
  <testcase classname="testcase.HomeTest" name="checkoutbtn" time="0.341"/>
  <testcase classname="testcase.HomeTest" name="drinksbtn" time="0.463"/>
  <testcase classname="testcase.HomeTest" name="addtwodrink" time="3.829"/>
  <testcase classname="testcase.HomeTest" name="checkoutbuttonvalidation" time="0.377"/>
  <testcase classname="testcase.HomeTest" name="paymentbutton" time="3.441"/>
  <testcase classname="testcase.HomeTest" name="paymentcash" time="0.19"/>
  <testcase classname="testcase.HomeTest" name="agreecheckbox" time="0.162"/>
  <testcase classname="testcase.HomeTest" name="nameemailinput" time="0.865"/>
  <testcase classname="testcase.HomeTest" name="Applygiftlink" time="1.011"/>
  <testcase classname="testcase.HomeTest" name="Voucherlink" time="0.318"/>
  <testcase classname="testcase.HomeTest" name="VoucherInputcode" time="0.401"/>
  <testcase classname="testcase.HomeTest" name="ErrorMessage" time="0.985"/>
  <testcase classname="testcase.HomeTest" name="closepopupvoucher" time="0.439"/>
  <testcase classname="testcase.HomeTest" name="basket" time="0.293"/>
</testsuite> <!-- Default test -->
