<?xml version="1.0" encoding="UTF-8"?>
<!-- Generated by org.testng.reporters.JUnitXMLReporter -->
<testsuite ignored="0" hostname="DESKTOP-EMVP6P0" failures="0" tests="19" name="Test" time="19.865" errors="0" timestamp="2024-04-25T16:06:43 IST">
  <testcase classname="testcase.HomeTest" name="seturl" time="3.866"/>
  <testcase classname="testcase.HomeTest" name="setuserlocation" time="1.686"/>
  <testcase classname="testcase.HomeTest" name="dealpagetxt" time="2.0"/>
  <testcase classname="testcase.HomeTest" name="sidemenubar" time="0.917"/>
  <testcase classname="testcase.HomeTest" name="comparevalue" time="0.94"/>
  <testcase classname="testcase.HomeTest" name="checkoutbtn" time="0.456"/>
  <testcase classname="testcase.HomeTest" name="drinksbtn" time="0.699"/>
  <testcase classname="testcase.HomeTest" name="addtwodrink" time="1.218"/>
  <testcase classname="testcase.HomeTest" name="checkoutbuttonvalidation" time="0.772"/>
  <testcase classname="testcase.HomeTest" name="paymentbutton" time="0.211"/>
  <testcase classname="testcase.HomeTest" name="paymentcash" time="0.244"/>
  <testcase classname="testcase.HomeTest" name="agreecheckbox" time="0.218"/>
  <testcase classname="testcase.HomeTest" name="nameemailinput" time="1.036"/>
  <testcase classname="testcase.HomeTest" name="Applygiftlink" time="1.278"/>
  <testcase classname="testcase.HomeTest" name="Voucherlink" time="0.455"/>
  <testcase classname="testcase.HomeTest" name="VoucherInputcode" time="0.616"/>
  <testcase classname="testcase.HomeTest" name="ErrorMessage" time="1.034"/>
  <testcase classname="testcase.HomeTest" name="closepopupvoucher" time="0.417"/>
  <testcase classname="testcase.HomeTest" name="basket" time="0.287"/>
</testsuite> <!-- Test -->
