<?xml version="1.0" encoding="UTF-8"?>
<testng-results ignored="0" total="19" passed="19" failed="0" skipped="0">
  <reporter-output>
  </reporter-output>
  <suite started-at="2024-04-25T10:57:55Z" name="Suite" finished-at="2024-04-25T10:58:13Z" duration-ms="18028">
    <groups>
    </groups>
    <test started-at="2024-04-25T10:57:55Z" name="Test" finished-at="2024-04-25T10:58:13Z" duration-ms="18028">
      <class name="testcase.HomeTest">
        <test-method is-config="true" signature="setup()[pri:0, instance:testcase.HomeTest@2a3c96e3]" started-at="2024-04-25T10:57:53Z" name="setup" finished-at="2024-04-25T10:57:55Z" duration-ms="2474" status="PASS">
          <reporter-output>
          </reporter-output>
        </test-method> <!-- setup -->
        <test-method signature="seturl(java.lang.String, java.lang.String)[pri:1, instance:testcase.HomeTest@2a3c96e3]" started-at="2024-04-25T10:57:56Z" name="seturl" data-provider="urlData" finished-at="2024-04-25T10:58:00Z" duration-ms="3960" status="PASS">
          <params>
            <param index="0">
              <value>
                <![CDATA[url]]>
              </value>
            </param>
            <param index="1">
              <value>
                <![CDATA[https://www.pizzahut.co.in]]>
              </value>
            </param>
          </params>
          <reporter-output>
          </reporter-output>
        </test-method> <!-- seturl -->
        <test-method signature="setuserlocation()[pri:2, instance:testcase.HomeTest@2a3c96e3]" started-at="2024-04-25T10:58:00Z" name="setuserlocation" finished-at="2024-04-25T10:58:02Z" duration-ms="1768" status="PASS">
          <reporter-output>
          </reporter-output>
        </test-method> <!-- setuserlocation -->
        <test-method signature="dealpagetxt()[pri:3, instance:testcase.HomeTest@2a3c96e3]" started-at="2024-04-25T10:58:02Z" name="dealpagetxt" finished-at="2024-04-25T10:58:04Z" duration-ms="2000" status="PASS">
          <reporter-output>
          </reporter-output>
        </test-method> <!-- dealpagetxt -->
        <test-method signature="sidemenubar()[pri:4, instance:testcase.HomeTest@2a3c96e3]" started-at="2024-04-25T10:58:04Z" name="sidemenubar" finished-at="2024-04-25T10:58:05Z" duration-ms="659" status="PASS">
          <reporter-output>
          </reporter-output>
        </test-method> <!-- sidemenubar -->
        <test-method signature="comparevalue()[pri:5, instance:testcase.HomeTest@2a3c96e3]" started-at="2024-04-25T10:58:05Z" name="comparevalue" finished-at="2024-04-25T10:58:06Z" duration-ms="922" status="PASS">
          <reporter-output>
          </reporter-output>
        </test-method> <!-- comparevalue -->
        <test-method signature="checkoutbtn()[pri:6, instance:testcase.HomeTest@2a3c96e3]" started-at="2024-04-25T10:58:06Z" name="checkoutbtn" finished-at="2024-04-25T10:58:06Z" duration-ms="315" status="PASS">
          <reporter-output>
          </reporter-output>
        </test-method> <!-- checkoutbtn -->
        <test-method signature="drinksbtn()[pri:7, instance:testcase.HomeTest@2a3c96e3]" started-at="2024-04-25T10:58:06Z" name="drinksbtn" finished-at="2024-04-25T10:58:07Z" duration-ms="529" status="PASS">
          <reporter-output>
          </reporter-output>
        </test-method> <!-- drinksbtn -->
        <test-method signature="addtwodrink()[pri:8, instance:testcase.HomeTest@2a3c96e3]" started-at="2024-04-25T10:58:07Z" name="addtwodrink" finished-at="2024-04-25T10:58:07Z" duration-ms="738" status="PASS">
          <reporter-output>
          </reporter-output>
        </test-method> <!-- addtwodrink -->
        <test-method signature="checkoutbuttonvalidation()[pri:9, instance:testcase.HomeTest@2a3c96e3]" started-at="2024-04-25T10:58:07Z" name="checkoutbuttonvalidation" finished-at="2024-04-25T10:58:08Z" duration-ms="548" status="PASS">
          <reporter-output>
          </reporter-output>
        </test-method> <!-- checkoutbuttonvalidation -->
        <test-method signature="paymentbutton()[pri:10, instance:testcase.HomeTest@2a3c96e3]" started-at="2024-04-25T10:58:08Z" name="paymentbutton" finished-at="2024-04-25T10:58:08Z" duration-ms="214" status="PASS">
          <reporter-output>
          </reporter-output>
        </test-method> <!-- paymentbutton -->
        <test-method signature="paymentcash()[pri:11, instance:testcase.HomeTest@2a3c96e3]" started-at="2024-04-25T10:58:08Z" name="paymentcash" finished-at="2024-04-25T10:58:08Z" duration-ms="204" status="PASS">
          <reporter-output>
          </reporter-output>
        </test-method> <!-- paymentcash -->
        <test-method signature="agreecheckbox()[pri:12, instance:testcase.HomeTest@2a3c96e3]" started-at="2024-04-25T10:58:08Z" name="agreecheckbox" finished-at="2024-04-25T10:58:09Z" duration-ms="190" status="PASS">
          <reporter-output>
          </reporter-output>
        </test-method> <!-- agreecheckbox -->
        <test-method signature="nameemailinput()[pri:13, instance:testcase.HomeTest@2a3c96e3]" started-at="2024-04-25T10:58:09Z" name="nameemailinput" finished-at="2024-04-25T10:58:09Z" duration-ms="813" status="PASS">
          <reporter-output>
          </reporter-output>
        </test-method> <!-- nameemailinput -->
        <test-method signature="Applygiftlink()[pri:14, instance:testcase.HomeTest@2a3c96e3]" started-at="2024-04-25T10:58:09Z" name="Applygiftlink" finished-at="2024-04-25T10:58:10Z" duration-ms="1042" status="PASS">
          <reporter-output>
          </reporter-output>
        </test-method> <!-- Applygiftlink -->
        <test-method signature="Voucherlink()[pri:15, instance:testcase.HomeTest@2a3c96e3]" started-at="2024-04-25T10:58:10Z" name="Voucherlink" finished-at="2024-04-25T10:58:11Z" duration-ms="334" status="PASS">
          <reporter-output>
          </reporter-output>
        </test-method> <!-- Voucherlink -->
        <test-method signature="VoucherInputcode()[pri:16, instance:testcase.HomeTest@2a3c96e3]" started-at="2024-04-25T10:58:11Z" name="VoucherInputcode" finished-at="2024-04-25T10:58:11Z" duration-ms="450" status="PASS">
          <reporter-output>
          </reporter-output>
        </test-method> <!-- VoucherInputcode -->
        <test-method signature="ErrorMessage()[pri:17, instance:testcase.HomeTest@2a3c96e3]" started-at="2024-04-25T10:58:11Z" name="ErrorMessage" finished-at="2024-04-25T10:58:12Z" duration-ms="1203" status="PASS">
          <reporter-output>
          </reporter-output>
        </test-method> <!-- ErrorMessage -->
        <test-method signature="closepopupvoucher()[pri:18, instance:testcase.HomeTest@2a3c96e3]" started-at="2024-04-25T10:58:12Z" name="closepopupvoucher" finished-at="2024-04-25T10:58:13Z" duration-ms="455" status="PASS">
          <reporter-output>
          </reporter-output>
        </test-method> <!-- closepopupvoucher -->
        <test-method signature="basket()[pri:19, instance:testcase.HomeTest@2a3c96e3]" started-at="2024-04-25T10:58:13Z" name="basket" finished-at="2024-04-25T10:58:13Z" duration-ms="291" status="PASS">
          <reporter-output>
          </reporter-output>
        </test-method> <!-- basket -->
        <test-method is-config="true" signature="tearDown()[pri:0, instance:testcase.HomeTest@2a3c96e3]" started-at="2024-04-25T10:58:14Z" name="tearDown" finished-at="2024-04-25T10:58:14Z" duration-ms="366" status="PASS">
          <reporter-output>
          </reporter-output>
        </test-method> <!-- tearDown -->
      </class> <!-- testcase.HomeTest -->
    </test> <!-- Test -->
  </suite> <!-- Suite -->
</testng-results>
